<?xml version="1.0" encoding="UTF-8"?>
<testng-results ignored="0" total="2" passed="1" failed="1" skipped="0">
  <reporter-output>
  </reporter-output>
  <suite started-at="2025-04-27T10:22:29 IST" name="Default suite" finished-at="2025-04-27T10:22:43 IST" duration-ms="13653">
    <groups>
      <group name="cucumber">
        <method signature="AbstractTestNGCucumberTests.runScenario(io.cucumber.testng.PickleWrapper,io.cucumber.testng.FeatureWrapper)[pri:0, instance:runner.Runner_ExtentReporter@662ac478]" name="runScenario" class="io.cucumber.testng.AbstractTestNGCucumberTests"/>
      </group> <!-- cucumber -->
    </groups>
    <test started-at="2025-04-27T10:22:29 IST" name="Default test" finished-at="2025-04-27T10:22:43 IST" duration-ms="13653">
      <class name="runner.Runner_ExtentReporter">
        <test-method is-config="true" signature="setUpClass(org.testng.ITestContext)[pri:0, instance:runner.Runner_ExtentReporter@662ac478]" started-at="2025-04-27T10:22:29 IST" name="setUpClass" finished-at="2025-04-27T10:22:29 IST" duration-ms="437" status="PASS">
          <params>
            <param index="0">
              <value>
                <![CDATA[org.testng.TestRunner@2c7db926]]>
              </value>
            </param>
          </params>
          <reporter-output>
          </reporter-output>
        </test-method> <!-- setUpClass -->
        <test-method signature="runScenario(io.cucumber.testng.PickleWrapper,io.cucumber.testng.FeatureWrapper)[pri:0, instance:runner.Runner_ExtentReporter@662ac478]" started-at="2025-04-27T10:22:29 IST" name="runScenario" description="Runs Cucumber Scenarios" data-provider="scenarios" finished-at="2025-04-27T10:22:33 IST" duration-ms="3788" status="PASS">
          <params>
            <param index="0">
              <value>
                <![CDATA["Display error message for invalid login credentials"]]>
              </value>
            </param>
            <param index="1">
              <value>
                <![CDATA["Login to Swag Labs"]]>
              </value>
            </param>
          </params>
          <reporter-output>
          </reporter-output>
        </test-method> <!-- runScenario -->
        <test-method signature="runScenario(io.cucumber.testng.PickleWrapper,io.cucumber.testng.FeatureWrapper)[pri:0, instance:runner.Runner_ExtentReporter@662ac478]" started-at="2025-04-27T10:22:33 IST" name="runScenario" description="Runs Cucumber Scenarios" data-provider="scenarios" finished-at="2025-04-27T10:22:42 IST" duration-ms="9081" status="FAIL">
          <params>
            <param index="0">
              <value>
                <![CDATA["Purchase the 2 most expensive items and complete checkout"]]>
              </value>
            </param>
            <param index="1">
              <value>
                <![CDATA["Automate and validate a complete login and purchase flow with cart price validation"]]>
              </value>
            </param>
          </params>
          <exception class="java.lang.AssertionError">
            <message>
              <![CDATA[expected [Thank you for your order!!] but found [Thank you for your order!]]]>
            </message>
            <full-stacktrace>
              <![CDATA[java.lang.AssertionError: expected [Thank you for your order!!] but found [Thank you for your order!]
at org.testng.Assert.fail(Assert.java:110)
at org.testng.Assert.failNotEquals(Assert.java:1577)
at org.testng.Assert.assertEqualsImpl(Assert.java:149)
at org.testng.Assert.assertEquals(Assert.java:131)
at org.testng.Assert.assertEquals(Assert.java:655)
at org.testng.Assert.assertEquals(Assert.java:665)
at stepDefinitions.StepDefinitionMapping.the_confirmation_page_should_display_the_message(StepDefinitionMapping.java:85)
at âœ½.the confirmation page should display the message "Thank you for your order!!"(file:///D:/All%20Desktop%20folders/BDD%20Cucumber/Cucumber%20Self%20Practice/SwagLabs/src/test/java/featureFiles/Purchase.feature:15)
]]>
            </full-stacktrace>
          </exception> <!-- java.lang.AssertionError -->
          <reporter-output>
          </reporter-output>
        </test-method> <!-- runScenario -->
        <test-method is-config="true" signature="tearDownClass()[pri:0, instance:runner.Runner_ExtentReporter@662ac478]" started-at="2025-04-27T10:22:42 IST" name="tearDownClass" finished-at="2025-04-27T10:22:43 IST" duration-ms="303" status="PASS">
          <reporter-output>
          </reporter-output>
        </test-method> <!-- tearDownClass -->
      </class> <!-- runner.Runner_ExtentReporter -->
    </test> <!-- Default test -->
  </suite> <!-- Default suite -->
</testng-results>
